Determining if the pthread_create exist failed with the following output:
Change Dir: /home/kid-116/FARC_ROS-Module/ros_ws/build/chatterbot/CMakeFiles/CMakeTmp

Run Build Command:"/usr/bin/make" "cmTC_05b25/fast"
/usr/bin/make -f CMakeFiles/cmTC_05b25.dir/build.make CMakeFiles/cmTC_05b25.dir/build
make[1]: Entering directory '/home/kid-116/FARC_ROS-Module/ros_ws/build/chatterbot/CMakeFiles/CMakeTmp'
Building C object CMakeFiles/cmTC_05b25.dir/CheckSymbolExists.c.o
/usr/bin/cc    -o CMakeFiles/cmTC_05b25.dir/CheckSymbolExists.c.o   -c /home/kid-116/FARC_ROS-Module/ros_ws/build/chatterbot/CMakeFiles/CMakeTmp/CheckSymbolExists.c
Linking C executable cmTC_05b25
/usr/bin/cmake -E cmake_link_script CMakeFiles/cmTC_05b25.dir/link.txt --verbose=1
/usr/bin/cc      -rdynamic CMakeFiles/cmTC_05b25.dir/CheckSymbolExists.c.o  -o cmTC_05b25 
CMakeFiles/cmTC_05b25.dir/CheckSymbolExists.c.o: In function `main':
CheckSymbolExists.c:(.text+0x1b): undefined reference to `pthread_create'
collect2: error: ld returned 1 exit status
CMakeFiles/cmTC_05b25.dir/build.make:97: recipe for target 'cmTC_05b25' failed
make[1]: *** [cmTC_05b25] Error 1
make[1]: Leaving directory '/home/kid-116/FARC_ROS-Module/ros_ws/build/chatterbot/CMakeFiles/CMakeTmp'
Makefile:126: recipe for target 'cmTC_05b25/fast' failed
make: *** [cmTC_05b25/fast] Error 2

File /home/kid-116/FARC_ROS-Module/ros_ws/build/chatterbot/CMakeFiles/CMakeTmp/CheckSymbolExists.c:
/* */
#include <pthread.h>

int main(int argc, char** argv)
{
  (void)argv;
#ifndef pthread_create
  return ((int*)(&pthread_create))[argc];
#else
  (void)argc;
  return 0;
#endif
}

Determining if the function pthread_create exists in the pthreads failed with the following output:
Change Dir: /home/kid-116/FARC_ROS-Module/ros_ws/build/chatterbot/CMakeFiles/CMakeTmp

Run Build Command:"/usr/bin/make" "cmTC_981ad/fast"
/usr/bin/make -f CMakeFiles/cmTC_981ad.dir/build.make CMakeFiles/cmTC_981ad.dir/build
make[1]: Entering directory '/home/kid-116/FARC_ROS-Module/ros_ws/build/chatterbot/CMakeFiles/CMakeTmp'
Building C object CMakeFiles/cmTC_981ad.dir/CheckFunctionExists.c.o
/usr/bin/cc   -DCHECK_FUNCTION_EXISTS=pthread_create   -o CMakeFiles/cmTC_981ad.dir/CheckFunctionExists.c.o   -c /usr/share/cmake-3.10/Modules/CheckFunctionExists.c
Linking C executable cmTC_981ad
/usr/bin/cmake -E cmake_link_script CMakeFiles/cmTC_981ad.dir/link.txt --verbose=1
/usr/bin/cc  -DCHECK_FUNCTION_EXISTS=pthread_create    -rdynamic CMakeFiles/cmTC_981ad.dir/CheckFunctionExists.c.o  -o cmTC_981ad -lpthreads 
/usr/bin/ld: cannot find -lpthreads
collect2: error: ld returned 1 exit status
CMakeFiles/cmTC_981ad.dir/build.make:97: recipe for target 'cmTC_981ad' failed
make[1]: *** [cmTC_981ad] Error 1
make[1]: Leaving directory '/home/kid-116/FARC_ROS-Module/ros_ws/build/chatterbot/CMakeFiles/CMakeTmp'
Makefile:126: recipe for target 'cmTC_981ad/fast' failed
make: *** [cmTC_981ad/fast] Error 2


